<?xml version="1.0" encoding="UTF-8"?>
<!-- Generated by org.testng.reporters.JUnitReportReporter -->
<testsuite skipped="0" hostname="DESKTOP-OHP4P4S" name="FileUtilityTest.CreateLeadsTest" tests="1" failures="0" timestamp="2021-12-27T18:27:28 IST" time="18.905" errors="0">
  <testcase name="createLeads" time="18.905" classname="FileUtilityTest.CreateLeadsTest"/>
  <system-out/>
</testsuite> <!-- FileUtilityTest.CreateLeadsTest -->
