<?xml version="1.0" encoding="UTF-8"?>
<!-- Generated by org.testng.reporters.JUnitReportReporter -->
<testsuite skipped="0" hostname="DESKTOP-OHP4P4S" name="FileUtilityTest.OrgTest" tests="1" failures="0" timestamp="2021-12-29T18:04:09 IST" time="11.180" errors="0">
  <testcase name="createOrg" time="11.180" classname="FileUtilityTest.OrgTest"/>
  <system-out/>
</testsuite> <!-- FileUtilityTest.OrgTest -->
