<?xml version="1.0" encoding="UTF-8"?>
<!-- Generated by org.testng.reporters.JUnitReportReporter -->
<testsuite skipped="0" hostname="DESKTOP-OHP4P4S" name="FileUtilityTest.PCreateWithIndTest" tests="1" failures="0" timestamp="2021-12-29T11:10:50 IST" time="26.400" errors="0">
  <testcase name="createOrgwithIndustry" time="26.400" classname="FileUtilityTest.PCreateWithIndTest"/>
  <system-out/>
</testsuite> <!-- FileUtilityTest.PCreateWithIndTest -->
