<?xml version="1.0" encoding="UTF-8"?>
<!-- Generated by org.testng.reporters.JUnitReportReporter -->
<testsuite skipped="0" hostname="DESKTOP-OHP4P4S" name="FileUtilityTest.PCreateWithInd_Test" tests="1" failures="0" timestamp="2021-12-29T14:35:38 IST" time="25.612" errors="0">
  <testcase name="createOrgwithIndustryTest" time="25.612" classname="FileUtilityTest.PCreateWithInd_Test"/>
  <system-out/>
</testsuite> <!-- FileUtilityTest.PCreateWithInd_Test -->
