<?xml version="1.0" encoding="UTF-8"?>
<!-- Generated by org.testng.reporters.JUnitReportReporter -->
<testsuite skipped="0" hostname="DESKTOP-OHP4P4S" name="FileUtilityTest.PCreateLeadsTest" tests="1" failures="0" timestamp="2021-12-28T17:54:44 IST" time="11.633" errors="0">
  <testcase name="createLeads" time="11.633" classname="FileUtilityTest.PCreateLeadsTest"/>
  <system-out/>
</testsuite> <!-- FileUtilityTest.PCreateLeadsTest -->
